[debug] [2020-06-02T10:30:24.662Z] ----------------------------------------------------------------------
[debug] [2020-06-02T10:30:24.670Z] Command:       C:\Program Files\nodejs\node.exe C:\Users\Praveen\AppData\Roaming\npm\node_modules\firebase-tools\lib\bin\firebase.js serve
[debug] [2020-06-02T10:30:24.671Z] CLI Version:   7.11.0
[debug] [2020-06-02T10:30:24.671Z] Platform:      win32
[debug] [2020-06-02T10:30:24.671Z] Node Version:  v10.15.1
[debug] [2020-06-02T10:30:24.675Z] Time:          Tue Jun 02 2020 16:00:24 GMT+0530 (India Standard Time)
[debug] [2020-06-02T10:30:24.675Z] ----------------------------------------------------------------------
[debug] [2020-06-02T10:30:24.675Z] 
[debug] [2020-06-02T10:30:24.705Z] > command requires scopes: ["email","openid","https://www.googleapis.com/auth/cloudplatformprojects.readonly","https://www.googleapis.com/auth/firebase","https://www.googleapis.com/auth/cloud-platform"]
[debug] [2020-06-02T10:30:24.706Z] > authorizing via signed-in user
[debug] [2020-06-02T10:30:24.707Z] [iam] checking project bold-syntax-151003 for permissions ["firebase.projects.get"]
[debug] [2020-06-02T10:30:24.713Z] >>> HTTP REQUEST POST https://cloudresourcemanager.googleapis.com/v1/projects/bold-syntax-151003:testIamPermissions  

[debug] [2020-06-02T10:30:25.122Z] <<< HTTP RESPONSE 200
[debug] [2020-06-02T10:30:25.128Z] >>> HTTP REQUEST GET https://firebase.googleapis.com/v1beta1/projects/bold-syntax-151003  
 
[debug] [2020-06-02T10:30:25.508Z] <<< HTTP RESPONSE 200
[info] 
[info] === Serving from 'F:\mLearnApp'...
[info] 
[debug] [2020-06-02T10:30:25.530Z] >>> HTTP REQUEST GET https://firebase.googleapis.com/v1beta1/projects/bold-syntax-151003/webApps/-/config  
 
[debug] [2020-06-02T10:30:26.235Z] <<< HTTP RESPONSE 200
[info] i  hosting: Serving hosting files from: dist\mLearnApp
[info] +  hosting: Local server: http://localhost:5000
